Arguments: 
  /usr/bin/node /usr/share/yarn/bin/yarn.js init

PATH: 
  /opt/apache-maven-3.5.4//bin:/usr/local/bin:/usr/local/sbin:/usr/bin:/usr/sbin:/bin:/sbin:/usr/java/jdk1.8.0_181-amd64/jre/bin:/usr/java/jdk1.8.0_181-amd64//bin:/usr/java/jdk1.8.0_181-amd64/bin:/usr/java/jdk1.8.0_181-amd64/jre/bin:/opt/apache-maven-3.5.4/bin:/home/dev-user/.local/bin:/home/dev-user/bin:/usr/java/jdk1.8.0_181-amd64/bin:/usr/java/jdk1.8.0_181-amd64/jre/bin:/opt/apache-maven-3.5.4/bin

Yarn version: 
  1.9.4

Node version: 
  8.11.4

Platform: 
  linux x64

Trace: 
  Error: canceled
      at Interface.<anonymous> (/usr/share/yarn/lib/cli.js:126002:13)
      at emitNone (events.js:106:13)
      at Interface.emit (events.js:208:7)
      at Interface._ttyWrite (readline.js:774:16)
      at ReadStream.onkeypress (readline.js:158:10)
      at emitTwo (events.js:126:13)
      at ReadStream.emit (events.js:214:7)
      at emitKeys (internal/readline.js:420:14)
      at emitKeys.next (<anonymous>)
      at ReadStream.onData (readline.js:1010:36)

npm manifest: 
  No manifest

yarn manifest: 
  No manifest

Lockfile: 
  No lockfile
